<?xml version="1.0" encoding="UTF-8"?>
<testng-results skipped="0" failed="0" total="1" passed="1">
  <reporter-output>
  </reporter-output>
  <suite name="Default suite" duration-ms="14413" started-at="2015-03-30T14:39:56Z" finished-at="2015-03-30T14:40:11Z">
    <groups>
    </groups>
    <test name="Default test" duration-ms="14413" started-at="2015-03-30T14:39:56Z" finished-at="2015-03-30T14:40:11Z">
      <class name="MailCheck">
        <test-method status="PASS" signature="setup()[pri:0, instance:MailCheck@70a31398]" name="setup" is-config="true" duration-ms="2644" started-at="2015-03-30T17:39:56Z" finished-at="2015-03-30T17:39:59Z">
          <reporter-output>
          </reporter-output>
        </test-method> <!-- setup -->
        <test-method status="PASS" signature="mailChecker()[pri:0, instance:MailCheck@70a31398]" name="mailChecker" duration-ms="11573" started-at="2015-03-30T17:39:59Z" finished-at="2015-03-30T17:40:10Z">
          <reporter-output>
          </reporter-output>
        </test-method> <!-- mailChecker -->
        <test-method status="PASS" signature="tearDown()[pri:0, instance:MailCheck@70a31398]" name="tearDown" is-config="true" duration-ms="188" started-at="2015-03-30T17:40:10Z" finished-at="2015-03-30T17:40:11Z">
          <reporter-output>
          </reporter-output>
        </test-method> <!-- tearDown -->
      </class> <!-- MailCheck -->
    </test> <!-- Default test -->
  </suite> <!-- Default suite -->
</testng-results>
